<?xml version="1.0" encoding="UTF-8"?>
<testsuite xmlns:xsi="http://www.w3.org/2001/XMLSchema-instance" xsi:noNamespaceSchemaLocation="https://maven.apache.org/surefire/maven-surefire-plugin/xsd/surefire-test-report-3.0.xsd" version="3.0" name="org.example.BilibiliAppTest" time="0.021" tests="1" errors="0" skipped="0" failures="0">
  <properties>
    <property name="java.specification.version" value="22"/>
    <property name="sun.jnu.encoding" value="UTF-8"/>
    <property name="java.class.path" value="/Users/flynn/IdeaProjects/bilibili/bilibili-api/target/test-classes:/Users/flynn/IdeaProjects/bilibili/bilibili-api/target/classes:/Users/flynn/.m2/repository/junit/junit/3.8.1/junit-3.8.1.jar:/Users/flynn/IdeaProjects/bilibili/bilibili-service/target/bilibili-service-1.0-SNAPSHOT.jar:/Users/flynn/IdeaProjects/bilibili/bilibili-dao/target/bilibili-dao-1.0-SNAPSHOT.jar:/Users/flynn/.m2/repository/org/mybatis/mybatis/3.5.7/mybatis-3.5.7.jar:/Users/flynn/.m2/repository/org/mybatis/spring/boot/mybatis-spring-boot-starter/3.0.3/mybatis-spring-boot-starter-3.0.3.jar:/Users/flynn/.m2/repository/org/mybatis/spring/boot/mybatis-spring-boot-autoconfigure/3.0.3/mybatis-spring-boot-autoconfigure-3.0.3.jar:/Users/flynn/.m2/repository/org/mybatis/mybatis-spring/3.0.3/mybatis-spring-3.0.3.jar:/Users/flynn/.m2/repository/org/springframework/boot/spring-boot-starter-web/3.1.6/spring-boot-starter-web-3.1.6.jar:/Users/flynn/.m2/repository/org/springframework/boot/spring-boot-starter/3.1.6/spring-boot-starter-3.1.6.jar:/Users/flynn/.m2/repository/org/springframework/boot/spring-boot-starter-logging/3.1.6/spring-boot-starter-logging-3.1.6.jar:/Users/flynn/.m2/repository/org/apache/logging/log4j/log4j-to-slf4j/2.20.0/log4j-to-slf4j-2.20.0.jar:/Users/flynn/.m2/repository/org/apache/logging/log4j/log4j-api/2.20.0/log4j-api-2.20.0.jar:/Users/flynn/.m2/repository/org/slf4j/jul-to-slf4j/2.0.9/jul-to-slf4j-2.0.9.jar:/Users/flynn/.m2/repository/jakarta/annotation/jakarta.annotation-api/2.1.1/jakarta.annotation-api-2.1.1.jar:/Users/flynn/.m2/repository/org/yaml/snakeyaml/1.33/snakeyaml-1.33.jar:/Users/flynn/.m2/repository/org/springframework/boot/spring-boot-starter-json/3.1.6/spring-boot-starter-json-3.1.6.jar:/Users/flynn/.m2/repository/com/fasterxml/jackson/datatype/jackson-datatype-jdk8/2.15.3/jackson-datatype-jdk8-2.15.3.jar:/Users/flynn/.m2/repository/com/fasterxml/jackson/datatype/jackson-datatype-jsr310/2.15.3/jackson-datatype-jsr310-2.15.3.jar:/Users/flynn/.m2/repository/com/fasterxml/jackson/module/jackson-module-parameter-names/2.15.3/jackson-module-parameter-names-2.15.3.jar:/Users/flynn/.m2/repository/org/springframework/boot/spring-boot-starter-tomcat/3.1.6/spring-boot-starter-tomcat-3.1.6.jar:/Users/flynn/.m2/repository/org/apache/tomcat/embed/tomcat-embed-core/10.1.16/tomcat-embed-core-10.1.16.jar:/Users/flynn/.m2/repository/org/apache/tomcat/embed/tomcat-embed-el/10.1.16/tomcat-embed-el-10.1.16.jar:/Users/flynn/.m2/repository/org/apache/tomcat/embed/tomcat-embed-websocket/10.1.16/tomcat-embed-websocket-10.1.16.jar:/Users/flynn/.m2/repository/org/springframework/spring-web/6.0.14/spring-web-6.0.14.jar:/Users/flynn/.m2/repository/org/springframework/spring-beans/6.0.14/spring-beans-6.0.14.jar:/Users/flynn/.m2/repository/io/micrometer/micrometer-observation/1.11.6/micrometer-observation-1.11.6.jar:/Users/flynn/.m2/repository/io/micrometer/micrometer-commons/1.11.6/micrometer-commons-1.11.6.jar:/Users/flynn/.m2/repository/org/springframework/spring-webmvc/6.0.14/spring-webmvc-6.0.14.jar:/Users/flynn/.m2/repository/org/springframework/spring-expression/6.0.14/spring-expression-6.0.14.jar:/Users/flynn/.m2/repository/commons-codec/commons-codec/1.14/commons-codec-1.14.jar:/Users/flynn/.m2/repository/org/springframework/boot/spring-boot-starter-jdbc/3.1.6/spring-boot-starter-jdbc-3.1.6.jar:/Users/flynn/.m2/repository/com/zaxxer/HikariCP/5.0.1/HikariCP-5.0.1.jar:/Users/flynn/.m2/repository/org/springframework/spring-jdbc/6.0.14/spring-jdbc-6.0.14.jar:/Users/flynn/.m2/repository/org/springframework/spring-tx/6.0.14/spring-tx-6.0.14.jar:/Users/flynn/.m2/repository/org/springframework/boot/spring-boot-devtools/3.1.6/spring-boot-devtools-3.1.6.jar:/Users/flynn/.m2/repository/org/springframework/boot/spring-boot/3.1.6/spring-boot-3.1.6.jar:/Users/flynn/.m2/repository/org/springframework/boot/spring-boot-autoconfigure/3.1.6/spring-boot-autoconfigure-3.1.6.jar:/Users/flynn/.m2/repository/com/mysql/mysql-connector-j/8.0.31/mysql-connector-j-8.0.31.jar:/Users/flynn/.m2/repository/com/alibaba/fastjson/1.2.78/fastjson-1.2.78.jar:/Users/flynn/.m2/repository/com/auth0/java-jwt/3.18.2/java-jwt-3.18.2.jar:/Users/flynn/.m2/repository/com/fasterxml/jackson/core/jackson-databind/2.15.3/jackson-databind-2.15.3.jar:/Users/flynn/.m2/repository/com/fasterxml/jackson/core/jackson-annotations/2.15.3/jackson-annotations-2.15.3.jar:/Users/flynn/.m2/repository/org/apache/rocketmq/rocketmq-client/4.9.1/rocketmq-client-4.9.1.jar:/Users/flynn/.m2/repository/org/apache/rocketmq/rocketmq-common/4.9.1/rocketmq-common-4.9.1.jar:/Users/flynn/.m2/repository/org/apache/rocketmq/rocketmq-remoting/4.9.1/rocketmq-remoting-4.9.1.jar:/Users/flynn/.m2/repository/io/netty/netty-all/4.1.101.Final/netty-all-4.1.101.Final.jar:/Users/flynn/.m2/repository/io/netty/netty-codec-dns/4.1.101.Final/netty-codec-dns-4.1.101.Final.jar:/Users/flynn/.m2/repository/io/netty/netty-codec-haproxy/4.1.101.Final/netty-codec-haproxy-4.1.101.Final.jar:/Users/flynn/.m2/repository/io/netty/netty-codec-http/4.1.101.Final/netty-codec-http-4.1.101.Final.jar:/Users/flynn/.m2/repository/io/netty/netty-codec-http2/4.1.101.Final/netty-codec-http2-4.1.101.Final.jar:/Users/flynn/.m2/repository/io/netty/netty-codec-memcache/4.1.101.Final/netty-codec-memcache-4.1.101.Final.jar:/Users/flynn/.m2/repository/io/netty/netty-codec-mqtt/4.1.101.Final/netty-codec-mqtt-4.1.101.Final.jar:/Users/flynn/.m2/repository/io/netty/netty-codec-redis/4.1.101.Final/netty-codec-redis-4.1.101.Final.jar:/Users/flynn/.m2/repository/io/netty/netty-codec-smtp/4.1.101.Final/netty-codec-smtp-4.1.101.Final.jar:/Users/flynn/.m2/repository/io/netty/netty-codec-socks/4.1.101.Final/netty-codec-socks-4.1.101.Final.jar:/Users/flynn/.m2/repository/io/netty/netty-codec-stomp/4.1.101.Final/netty-codec-stomp-4.1.101.Final.jar:/Users/flynn/.m2/repository/io/netty/netty-codec-xml/4.1.101.Final/netty-codec-xml-4.1.101.Final.jar:/Users/flynn/.m2/repository/io/netty/netty-handler-proxy/4.1.101.Final/netty-handler-proxy-4.1.101.Final.jar:/Users/flynn/.m2/repository/io/netty/netty-handler-ssl-ocsp/4.1.101.Final/netty-handler-ssl-ocsp-4.1.101.Final.jar:/Users/flynn/.m2/repository/io/netty/netty-resolver-dns/4.1.101.Final/netty-resolver-dns-4.1.101.Final.jar:/Users/flynn/.m2/repository/io/netty/netty-transport-rxtx/4.1.101.Final/netty-transport-rxtx-4.1.101.Final.jar:/Users/flynn/.m2/repository/io/netty/netty-transport-sctp/4.1.101.Final/netty-transport-sctp-4.1.101.Final.jar:/Users/flynn/.m2/repository/io/netty/netty-transport-udt/4.1.101.Final/netty-transport-udt-4.1.101.Final.jar:/Users/flynn/.m2/repository/io/netty/netty-transport-classes-epoll/4.1.101.Final/netty-transport-classes-epoll-4.1.101.Final.jar:/Users/flynn/.m2/repository/io/netty/netty-transport-classes-kqueue/4.1.101.Final/netty-transport-classes-kqueue-4.1.101.Final.jar:/Users/flynn/.m2/repository/io/netty/netty-resolver-dns-classes-macos/4.1.101.Final/netty-resolver-dns-classes-macos-4.1.101.Final.jar:/Users/flynn/.m2/repository/io/netty/netty-transport-native-epoll/4.1.101.Final/netty-transport-native-epoll-4.1.101.Final-linux-x86_64.jar:/Users/flynn/.m2/repository/io/netty/netty-transport-native-epoll/4.1.101.Final/netty-transport-native-epoll-4.1.101.Final-linux-aarch_64.jar:/Users/flynn/.m2/repository/io/netty/netty-transport-native-kqueue/4.1.101.Final/netty-transport-native-kqueue-4.1.101.Final-osx-x86_64.jar:/Users/flynn/.m2/repository/io/netty/netty-transport-native-kqueue/4.1.101.Final/netty-transport-native-kqueue-4.1.101.Final-osx-aarch_64.jar:/Users/flynn/.m2/repository/io/netty/netty-resolver-dns-native-macos/4.1.101.Final/netty-resolver-dns-native-macos-4.1.101.Final-osx-x86_64.jar:/Users/flynn/.m2/repository/io/netty/netty-resolver-dns-native-macos/4.1.101.Final/netty-resolver-dns-native-macos-4.1.101.Final-osx-aarch_64.jar:/Users/flynn/.m2/repository/org/apache/rocketmq/rocketmq-logging/4.9.1/rocketmq-logging-4.9.1.jar:/Users/flynn/.m2/repository/commons-validator/commons-validator/1.7/commons-validator-1.7.jar:/Users/flynn/.m2/repository/commons-digester/commons-digester/2.1/commons-digester-2.1.jar:/Users/flynn/.m2/repository/commons-logging/commons-logging/1.2/commons-logging-1.2.jar:/Users/flynn/.m2/repository/org/apache/commons/commons-lang3/3.12.0/commons-lang3-3.12.0.jar:/Users/flynn/.m2/repository/org/springframework/boot/spring-boot-starter-data-redis/2.2.2.RELEASE/spring-boot-starter-data-redis-2.2.2.RELEASE.jar:/Users/flynn/.m2/repository/org/springframework/data/spring-data-redis/3.1.6/spring-data-redis-3.1.6.jar:/Users/flynn/.m2/repository/org/springframework/data/spring-data-keyvalue/3.1.6/spring-data-keyvalue-3.1.6.jar:/Users/flynn/.m2/repository/org/springframework/spring-oxm/6.0.14/spring-oxm-6.0.14.jar:/Users/flynn/.m2/repository/org/springframework/spring-context-support/6.0.14/spring-context-support-6.0.14.jar:/Users/flynn/.m2/repository/io/lettuce/lettuce-core/6.2.7.RELEASE/lettuce-core-6.2.7.RELEASE.jar:/Users/flynn/.m2/repository/io/netty/netty-common/4.1.101.Final/netty-common-4.1.101.Final.jar:/Users/flynn/.m2/repository/io/netty/netty-handler/4.1.101.Final/netty-handler-4.1.101.Final.jar:/Users/flynn/.m2/repository/io/netty/netty-resolver/4.1.101.Final/netty-resolver-4.1.101.Final.jar:/Users/flynn/.m2/repository/io/netty/netty-buffer/4.1.101.Final/netty-buffer-4.1.101.Final.jar:/Users/flynn/.m2/repository/io/netty/netty-transport-native-unix-common/4.1.101.Final/netty-transport-native-unix-common-4.1.101.Final.jar:/Users/flynn/.m2/repository/io/netty/netty-codec/4.1.101.Final/netty-codec-4.1.101.Final.jar:/Users/flynn/.m2/repository/io/netty/netty-transport/4.1.101.Final/netty-transport-4.1.101.Final.jar:/Users/flynn/.m2/repository/io/projectreactor/reactor-core/3.5.12/reactor-core-3.5.12.jar:/Users/flynn/.m2/repository/org/reactivestreams/reactive-streams/1.0.4/reactive-streams-1.0.4.jar:/Users/flynn/.m2/repository/org/springframework/boot/spring-boot-starter-aop/3.1.6/spring-boot-starter-aop-3.1.6.jar:/Users/flynn/.m2/repository/org/springframework/spring-aop/6.0.14/spring-aop-6.0.14.jar:/Users/flynn/.m2/repository/org/aspectj/aspectjweaver/1.9.20.1/aspectjweaver-1.9.20.1.jar:/Users/flynn/.m2/repository/com/github/tobato/fastdfs-client/1.27.2/fastdfs-client-1.27.2.jar:/Users/flynn/.m2/repository/org/slf4j/slf4j-api/2.0.9/slf4j-api-2.0.9.jar:/Users/flynn/.m2/repository/org/slf4j/jcl-over-slf4j/2.0.9/jcl-over-slf4j-2.0.9.jar:/Users/flynn/.m2/repository/ch/qos/logback/logback-classic/1.4.11/logback-classic-1.4.11.jar:/Users/flynn/.m2/repository/ch/qos/logback/logback-core/1.4.11/logback-core-1.4.11.jar:/Users/flynn/.m2/repository/commons-beanutils/commons-beanutils/1.9.3/commons-beanutils-1.9.3.jar:/Users/flynn/.m2/repository/commons-collections/commons-collections/3.2.2/commons-collections-3.2.2.jar:/Users/flynn/.m2/repository/commons-io/commons-io/2.4/commons-io-2.4.jar:/Users/flynn/.m2/repository/org/apache/commons/commons-pool2/2.11.1/commons-pool2-2.11.1.jar:/Users/flynn/.m2/repository/org/springframework/spring-core/6.0.14/spring-core-6.0.14.jar:/Users/flynn/.m2/repository/org/springframework/spring-jcl/6.0.14/spring-jcl-6.0.14.jar:/Users/flynn/.m2/repository/org/hibernate/validator/hibernate-validator/8.0.1.Final/hibernate-validator-8.0.1.Final.jar:/Users/flynn/.m2/repository/jakarta/validation/jakarta.validation-api/3.0.2/jakarta.validation-api-3.0.2.jar:/Users/flynn/.m2/repository/org/jboss/logging/jboss-logging/3.5.3.Final/jboss-logging-3.5.3.Final.jar:/Users/flynn/.m2/repository/com/fasterxml/classmate/1.5.1/classmate-1.5.1.jar:/Users/flynn/.m2/repository/org/springframework/spring-context/6.0.14/spring-context-6.0.14.jar:/Users/flynn/.m2/repository/net/coobird/thumbnailator/0.4.8/thumbnailator-0.4.8.jar:/Users/flynn/.m2/repository/org/springframework/boot/spring-boot-starter-websocket/3.1.6/spring-boot-starter-websocket-3.1.6.jar:/Users/flynn/.m2/repository/org/springframework/spring-messaging/6.0.14/spring-messaging-6.0.14.jar:/Users/flynn/.m2/repository/org/springframework/spring-websocket/6.0.14/spring-websocket-6.0.14.jar:/Users/flynn/.m2/repository/javax/annotation/javax.annotation-api/1.3.2/javax.annotation-api-1.3.2.jar:/Users/flynn/.m2/repository/org/springframework/boot/spring-boot-starter-data-elasticsearch/3.1.6/spring-boot-starter-data-elasticsearch-3.1.6.jar:/Users/flynn/.m2/repository/org/springframework/data/spring-data-elasticsearch/5.1.6/spring-data-elasticsearch-5.1.6.jar:/Users/flynn/.m2/repository/org/springframework/data/spring-data-commons/3.1.6/spring-data-commons-3.1.6.jar:/Users/flynn/.m2/repository/co/elastic/clients/elasticsearch-java/8.6.2/elasticsearch-java-8.6.2.jar:/Users/flynn/.m2/repository/org/elasticsearch/client/elasticsearch-rest-client/8.7.1/elasticsearch-rest-client-8.7.1.jar:/Users/flynn/.m2/repository/org/apache/httpcomponents/httpclient/4.5.13/httpclient-4.5.13.jar:/Users/flynn/.m2/repository/org/apache/httpcomponents/httpcore/4.4.16/httpcore-4.4.16.jar:/Users/flynn/.m2/repository/org/apache/httpcomponents/httpasyncclient/4.1.5/httpasyncclient-4.1.5.jar:/Users/flynn/.m2/repository/org/apache/httpcomponents/httpcore-nio/4.4.16/httpcore-nio-4.4.16.jar:/Users/flynn/.m2/repository/com/google/code/findbugs/jsr305/3.0.2/jsr305-3.0.2.jar:/Users/flynn/.m2/repository/jakarta/json/jakarta.json-api/2.1.3/jakarta.json-api-2.1.3.jar:/Users/flynn/.m2/repository/org/eclipse/parsson/parsson/1.0.0/parsson-1.0.0.jar:/Users/flynn/.m2/repository/eu/bitwalker/UserAgentUtils/1.21/UserAgentUtils-1.21.jar:/Users/flynn/.m2/repository/org/apache/mahout/mahout-mr/0.12.2/mahout-mr-0.12.2.jar:/Users/flynn/.m2/repository/org/apache/mahout/mahout-math/0.12.2/mahout-math-0.12.2.jar:/Users/flynn/.m2/repository/it/unimi/dsi/fastutil/7.0.12/fastutil-7.0.12.jar:/Users/flynn/.m2/repository/com/tdunning/t-digest/3.1/t-digest-3.1.jar:/Users/flynn/.m2/repository/org/apache/mahout/mahout-hdfs/0.12.2/mahout-hdfs-0.12.2.jar:/Users/flynn/.m2/repository/com/google/guava/guava/11.0.2/guava-11.0.2.jar:/Users/flynn/.m2/repository/org/apache/hadoop/hadoop-client/2.4.1/hadoop-client-2.4.1.jar:/Users/flynn/.m2/repository/org/apache/hadoop/hadoop-common/2.4.1/hadoop-common-2.4.1.jar:/Users/flynn/.m2/repository/commons-httpclient/commons-httpclient/3.1/commons-httpclient-3.1.jar:/Users/flynn/.m2/repository/commons-net/commons-net/3.1/commons-net-3.1.jar:/Users/flynn/.m2/repository/commons-lang/commons-lang/2.6/commons-lang-2.6.jar:/Users/flynn/.m2/repository/org/codehaus/jackson/jackson-core-asl/1.8.8/jackson-core-asl-1.8.8.jar:/Users/flynn/.m2/repository/org/codehaus/jackson/jackson-mapper-asl/1.8.8/jackson-mapper-asl-1.8.8.jar:/Users/flynn/.m2/repository/org/apache/avro/avro/1.7.4/avro-1.7.4.jar:/Users/flynn/.m2/repository/com/thoughtworks/paranamer/paranamer/2.3/paranamer-2.3.jar:/Users/flynn/.m2/repository/org/xerial/snappy/snappy-java/1.0.4.1/snappy-java-1.0.4.1.jar:/Users/flynn/.m2/repository/com/google/protobuf/protobuf-java/2.5.0/protobuf-java-2.5.0.jar:/Users/flynn/.m2/repository/org/apache/hadoop/hadoop-auth/2.4.1/hadoop-auth-2.4.1.jar:/Users/flynn/.m2/repository/org/apache/zookeeper/zookeeper/3.4.5/zookeeper-3.4.5.jar:/Users/flynn/.m2/repository/org/apache/commons/commons-compress/1.4.1/commons-compress-1.4.1.jar:/Users/flynn/.m2/repository/org/tukaani/xz/1.0/xz-1.0.jar:/Users/flynn/.m2/repository/org/apache/hadoop/hadoop-hdfs/2.4.1/hadoop-hdfs-2.4.1.jar:/Users/flynn/.m2/repository/org/apache/hadoop/hadoop-mapreduce-client-app/2.4.1/hadoop-mapreduce-client-app-2.4.1.jar:/Users/flynn/.m2/repository/org/apache/hadoop/hadoop-mapreduce-client-common/2.4.1/hadoop-mapreduce-client-common-2.4.1.jar:/Users/flynn/.m2/repository/org/apache/hadoop/hadoop-yarn-client/2.4.1/hadoop-yarn-client-2.4.1.jar:/Users/flynn/.m2/repository/org/apache/hadoop/hadoop-yarn-server-common/2.4.1/hadoop-yarn-server-common-2.4.1.jar:/Users/flynn/.m2/repository/org/apache/hadoop/hadoop-mapreduce-client-shuffle/2.4.1/hadoop-mapreduce-client-shuffle-2.4.1.jar:/Users/flynn/.m2/repository/org/apache/hadoop/hadoop-yarn-api/2.4.1/hadoop-yarn-api-2.4.1.jar:/Users/flynn/.m2/repository/org/apache/hadoop/hadoop-mapreduce-client-core/2.4.1/hadoop-mapreduce-client-core-2.4.1.jar:/Users/flynn/.m2/repository/org/apache/hadoop/hadoop-yarn-common/2.4.1/hadoop-yarn-common-2.4.1.jar:/Users/flynn/.m2/repository/javax/xml/bind/jaxb-api/2.2.2/jaxb-api-2.2.2.jar:/Users/flynn/.m2/repository/javax/xml/stream/stax-api/1.0-2/stax-api-1.0-2.jar:/Users/flynn/.m2/repository/javax/activation/activation/1.1/activation-1.1.jar:/Users/flynn/.m2/repository/javax/servlet/servlet-api/2.5/servlet-api-2.5.jar:/Users/flynn/.m2/repository/org/apache/hadoop/hadoop-mapreduce-client-jobclient/2.4.1/hadoop-mapreduce-client-jobclient-2.4.1.jar:/Users/flynn/.m2/repository/org/apache/hadoop/hadoop-annotations/2.4.1/hadoop-annotations-2.4.1.jar:/Users/flynn/.m2/repository/com/fasterxml/jackson/core/jackson-core/2.15.3/jackson-core-2.15.3.jar:/Users/flynn/.m2/repository/commons-cli/commons-cli/1.2/commons-cli-1.2.jar:/Users/flynn/.m2/repository/com/thoughtworks/xstream/xstream/1.4.4/xstream-1.4.4.jar:/Users/flynn/.m2/repository/xmlpull/xmlpull/1.1.3.1/xmlpull-1.1.3.1.jar:/Users/flynn/.m2/repository/xpp3/xpp3_min/1.1.4c/xpp3_min-1.1.4c.jar:/Users/flynn/.m2/repository/org/apache/mahout/commons/commons-cli/2.0-mahout/commons-cli-2.0-mahout.jar:/Users/flynn/.m2/repository/org/apache/commons/commons-math3/3.2/commons-math3-3.2.jar:/Users/flynn/.m2/repository/org/apache/solr/solr-commons-csv/3.5.0/solr-commons-csv-3.5.0.jar:/Users/flynn/.m2/repository/org/bytedeco/javacv/1.4.3/javacv-1.4.3.jar:/Users/flynn/.m2/repository/org/bytedeco/javacpp/1.4.3/javacpp-1.4.3.jar:/Users/flynn/.m2/repository/org/bytedeco/javacpp-presets/opencv/3.4.3-1.4.3/opencv-3.4.3-1.4.3.jar:/Users/flynn/.m2/repository/org/bytedeco/javacpp-presets/ffmpeg/4.0.2-1.4.3/ffmpeg-4.0.2-1.4.3.jar:/Users/flynn/.m2/repository/org/bytedeco/javacpp-presets/flycapture/2.11.3.121-1.4.3/flycapture-2.11.3.121-1.4.3.jar:/Users/flynn/.m2/repository/org/bytedeco/javacpp-presets/libdc1394/2.2.5-1.4.3/libdc1394-2.2.5-1.4.3.jar:/Users/flynn/.m2/repository/org/bytedeco/javacpp-presets/libfreenect/0.5.3-1.4.3/libfreenect-0.5.3-1.4.3.jar:/Users/flynn/.m2/repository/org/bytedeco/javacpp-presets/libfreenect2/0.2.0-1.4.3/libfreenect2-0.2.0-1.4.3.jar:/Users/flynn/.m2/repository/org/bytedeco/javacpp-presets/librealsense/1.12.1-1.4.3/librealsense-1.12.1-1.4.3.jar:/Users/flynn/.m2/repository/org/bytedeco/javacpp-presets/videoinput/0.200-1.4.3/videoinput-0.200-1.4.3.jar:/Users/flynn/.m2/repository/org/bytedeco/javacpp-presets/artoolkitplus/2.3.1-1.4.3/artoolkitplus-2.3.1-1.4.3.jar:/Users/flynn/.m2/repository/org/bytedeco/javacpp-presets/flandmark/1.07-1.4.3/flandmark-1.07-1.4.3.jar:/Users/flynn/.m2/repository/org/bytedeco/javacpp-presets/leptonica/1.76.0-1.4.3/leptonica-1.76.0-1.4.3.jar:/Users/flynn/.m2/repository/org/bytedeco/javacpp-presets/tesseract/4.0.0-rc2-1.4.3/tesseract-4.0.0-rc2-1.4.3.jar:/Users/flynn/.m2/repository/org/bytedeco/javacpp-presets/ffmpeg-platform/4.0.2-1.4.3/ffmpeg-platform-4.0.2-1.4.3.jar:/Users/flynn/.m2/repository/org/bytedeco/javacpp-presets/ffmpeg/4.0.2-1.4.3/ffmpeg-4.0.2-1.4.3-android-arm.jar:/Users/flynn/.m2/repository/org/bytedeco/javacpp-presets/ffmpeg/4.0.2-1.4.3/ffmpeg-4.0.2-1.4.3-android-arm64.jar:/Users/flynn/.m2/repository/org/bytedeco/javacpp-presets/ffmpeg/4.0.2-1.4.3/ffmpeg-4.0.2-1.4.3-android-x86.jar:/Users/flynn/.m2/repository/org/bytedeco/javacpp-presets/ffmpeg/4.0.2-1.4.3/ffmpeg-4.0.2-1.4.3-android-x86_64.jar:/Users/flynn/.m2/repository/org/bytedeco/javacpp-presets/ffmpeg/4.0.2-1.4.3/ffmpeg-4.0.2-1.4.3-linux-x86.jar:/Users/flynn/.m2/repository/org/bytedeco/javacpp-presets/ffmpeg/4.0.2-1.4.3/ffmpeg-4.0.2-1.4.3-linux-x86_64.jar:/Users/flynn/.m2/repository/org/bytedeco/javacpp-presets/ffmpeg/4.0.2-1.4.3/ffmpeg-4.0.2-1.4.3-linux-armhf.jar:/Users/flynn/.m2/repository/org/bytedeco/javacpp-presets/ffmpeg/4.0.2-1.4.3/ffmpeg-4.0.2-1.4.3-linux-ppc64le.jar:/Users/flynn/.m2/repository/org/bytedeco/javacpp-presets/ffmpeg/4.0.2-1.4.3/ffmpeg-4.0.2-1.4.3-macosx-x86_64.jar:/Users/flynn/.m2/repository/org/bytedeco/javacpp-presets/ffmpeg/4.0.2-1.4.3/ffmpeg-4.0.2-1.4.3-windows-x86.jar:/Users/flynn/.m2/repository/org/bytedeco/javacpp-presets/ffmpeg/4.0.2-1.4.3/ffmpeg-4.0.2-1.4.3-windows-x86_64.jar:/Users/flynn/.m2/repository/org/springframework/cloud/spring-cloud-starter-netflix-eureka-client/4.0.4/spring-cloud-starter-netflix-eureka-client-4.0.4.jar:/Users/flynn/.m2/repository/org/springframework/cloud/spring-cloud-starter/4.0.5/spring-cloud-starter-4.0.5.jar:/Users/flynn/.m2/repository/org/springframework/cloud/spring-cloud-context/4.0.5/spring-cloud-context-4.0.5.jar:/Users/flynn/.m2/repository/org/springframework/security/spring-security-rsa/1.0.12.RELEASE/spring-security-rsa-1.0.12.RELEASE.jar:/Users/flynn/.m2/repository/org/bouncycastle/bcpkix-jdk18on/1.73/bcpkix-jdk18on-1.73.jar:/Users/flynn/.m2/repository/org/bouncycastle/bcprov-jdk18on/1.73/bcprov-jdk18on-1.73.jar:/Users/flynn/.m2/repository/org/bouncycastle/bcutil-jdk18on/1.73/bcutil-jdk18on-1.73.jar:/Users/flynn/.m2/repository/org/springframework/cloud/spring-cloud-netflix-eureka-client/4.0.4/spring-cloud-netflix-eureka-client-4.0.4.jar:/Users/flynn/.m2/repository/org/apache/httpcomponents/client5/httpclient5/5.2.1/httpclient5-5.2.1.jar:/Users/flynn/.m2/repository/org/apache/httpcomponents/core5/httpcore5/5.2.3/httpcore5-5.2.3.jar:/Users/flynn/.m2/repository/org/apache/httpcomponents/core5/httpcore5-h2/5.2.3/httpcore5-h2-5.2.3.jar:/Users/flynn/.m2/repository/com/netflix/eureka/eureka-client/2.0.1/eureka-client-2.0.1.jar:/Users/flynn/.m2/repository/com/netflix/netflix-commons/netflix-eventbus/0.3.0/netflix-eventbus-0.3.0.jar:/Users/flynn/.m2/repository/com/netflix/netflix-commons/netflix-infix/0.3.0/netflix-infix-0.3.0.jar:/Users/flynn/.m2/repository/commons-jxpath/commons-jxpath/1.3/commons-jxpath-1.3.jar:/Users/flynn/.m2/repository/joda-time/joda-time/2.3/joda-time-2.3.jar:/Users/flynn/.m2/repository/org/antlr/antlr-runtime/3.4/antlr-runtime-3.4.jar:/Users/flynn/.m2/repository/org/antlr/stringtemplate/3.2.1/stringtemplate-3.2.1.jar:/Users/flynn/.m2/repository/antlr/antlr/2.7.7/antlr-2.7.7.jar:/Users/flynn/.m2/repository/com/google/code/gson/gson/2.10.1/gson-2.10.1.jar:/Users/flynn/.m2/repository/org/apache/commons/commons-math/2.2/commons-math-2.2.jar:/Users/flynn/.m2/repository/jakarta/ws/rs/jakarta.ws.rs-api/3.1.0/jakarta.ws.rs-api-3.1.0.jar:/Users/flynn/.m2/repository/jakarta/inject/jakarta.inject-api/2.0.1/jakarta.inject-api-2.0.1.jar:/Users/flynn/.m2/repository/com/netflix/servo/servo-core/0.12.21/servo-core-0.12.21.jar:/Users/flynn/.m2/repository/commons-configuration/commons-configuration/1.10/commons-configuration-1.10.jar:/Users/flynn/.m2/repository/org/codehaus/jettison/jettison/1.4.0/jettison-1.4.0.jar:/Users/flynn/.m2/repository/com/netflix/eureka/eureka-core/2.0.1/eureka-core-2.0.1.jar:/Users/flynn/.m2/repository/com/fasterxml/woodstox/woodstox-core/6.2.1/woodstox-core-6.2.1.jar:/Users/flynn/.m2/repository/org/codehaus/woodstox/stax2-api/4.2.1/stax2-api-4.2.1.jar:/Users/flynn/.m2/repository/org/springframework/cloud/spring-cloud-starter-loadbalancer/4.0.5/spring-cloud-starter-loadbalancer-4.0.5.jar:/Users/flynn/.m2/repository/org/springframework/cloud/spring-cloud-loadbalancer/4.0.5/spring-cloud-loadbalancer-4.0.5.jar:/Users/flynn/.m2/repository/io/projectreactor/addons/reactor-extra/3.5.1/reactor-extra-3.5.1.jar:/Users/flynn/.m2/repository/org/springframework/boot/spring-boot-starter-cache/3.1.6/spring-boot-starter-cache-3.1.6.jar:/Users/flynn/.m2/repository/com/stoyanr/evictor/1.0.0/evictor-1.0.0.jar:/Users/flynn/.m2/repository/org/springframework/cloud/spring-cloud-starter-openfeign/4.0.6/spring-cloud-starter-openfeign-4.0.6.jar:/Users/flynn/.m2/repository/org/springframework/cloud/spring-cloud-openfeign-core/4.0.6/spring-cloud-openfeign-core-4.0.6.jar:/Users/flynn/.m2/repository/io/github/openfeign/form/feign-form-spring/3.8.0/feign-form-spring-3.8.0.jar:/Users/flynn/.m2/repository/io/github/openfeign/form/feign-form/3.8.0/feign-form-3.8.0.jar:/Users/flynn/.m2/repository/commons-fileupload/commons-fileupload/1.5/commons-fileupload-1.5.jar:/Users/flynn/.m2/repository/org/springframework/cloud/spring-cloud-commons/4.0.5/spring-cloud-commons-4.0.5.jar:/Users/flynn/.m2/repository/org/springframework/security/spring-security-crypto/6.1.5/spring-security-crypto-6.1.5.jar:/Users/flynn/.m2/repository/io/github/openfeign/feign-core/12.5/feign-core-12.5.jar:/Users/flynn/.m2/repository/io/github/openfeign/feign-slf4j/12.5/feign-slf4j-12.5.jar:/Users/flynn/.m2/repository/org/springframework/cloud/spring-cloud-starter-circuitbreaker-resilience4j/3.0.4/spring-cloud-starter-circuitbreaker-resilience4j-3.0.4.jar:/Users/flynn/.m2/repository/org/springframework/cloud/spring-cloud-circuitbreaker-resilience4j/3.0.4/spring-cloud-circuitbreaker-resilience4j-3.0.4.jar:/Users/flynn/.m2/repository/io/github/resilience4j/resilience4j-spring-boot3/2.0.2/resilience4j-spring-boot3-2.0.2.jar:/Users/flynn/.m2/repository/io/github/resilience4j/resilience4j-spring6/2.0.2/resilience4j-spring6-2.0.2.jar:/Users/flynn/.m2/repository/io/github/resilience4j/resilience4j-annotations/2.0.2/resilience4j-annotations-2.0.2.jar:/Users/flynn/.m2/repository/io/github/resilience4j/resilience4j-consumer/2.0.2/resilience4j-consumer-2.0.2.jar:/Users/flynn/.m2/repository/io/github/resilience4j/resilience4j-circularbuffer/2.0.2/resilience4j-circularbuffer-2.0.2.jar:/Users/flynn/.m2/repository/io/github/resilience4j/resilience4j-framework-common/2.0.2/resilience4j-framework-common-2.0.2.jar:/Users/flynn/.m2/repository/io/github/resilience4j/resilience4j-micrometer/2.0.2/resilience4j-micrometer-2.0.2.jar:/Users/flynn/.m2/repository/io/micrometer/micrometer-core/1.11.6/micrometer-core-1.11.6.jar:/Users/flynn/.m2/repository/org/hdrhistogram/HdrHistogram/2.1.12/HdrHistogram-2.1.12.jar:/Users/flynn/.m2/repository/org/latencyutils/LatencyUtils/2.0.3/LatencyUtils-2.0.3.jar:/Users/flynn/.m2/repository/io/github/resilience4j/resilience4j-retry/2.0.2/resilience4j-retry-2.0.2.jar:/Users/flynn/.m2/repository/io/github/resilience4j/resilience4j-ratelimiter/2.0.2/resilience4j-ratelimiter-2.0.2.jar:/Users/flynn/.m2/repository/io/github/resilience4j/resilience4j-circuitbreaker/2.0.2/resilience4j-circuitbreaker-2.0.2.jar:/Users/flynn/.m2/repository/io/github/resilience4j/resilience4j-core/2.0.2/resilience4j-core-2.0.2.jar:/Users/flynn/.m2/repository/io/github/resilience4j/resilience4j-timelimiter/2.0.2/resilience4j-timelimiter-2.0.2.jar:"/>
    <property name="java.vm.vendor" value="Oracle Corporation"/>
    <property name="sun.arch.data.model" value="64"/>
    <property name="java.vendor.url" value="https://java.oracle.com/"/>
    <property name="os.name" value="Mac OS X"/>
    <property name="java.vm.specification.version" value="22"/>
    <property name="sun.java.launcher" value="SUN_STANDARD"/>
    <property name="user.country" value="US"/>
    <property name="sun.boot.library.path" value="/Users/flynn/Library/Java/JavaVirtualMachines/openjdk-22.0.1/Contents/Home/lib"/>
    <property name="sun.java.command" value="/Users/flynn/IdeaProjects/bilibili/bilibili-api/target/surefire/surefirebooter-20250311055124174_9.jar /Users/flynn/IdeaProjects/bilibili/bilibili-api/target/surefire 2025-03-11T05-51-23_151-jvmRun1 surefire-20250311055124174_7tmp surefire_2-20250311055124174_8tmp"/>
    <property name="http.nonProxyHosts" value="local|*.local|169.254/16|*.169.254/16"/>
    <property name="jdk.debug" value="release"/>
    <property name="surefire.test.class.path" value="/Users/flynn/IdeaProjects/bilibili/bilibili-api/target/test-classes:/Users/flynn/IdeaProjects/bilibili/bilibili-api/target/classes:/Users/flynn/.m2/repository/junit/junit/3.8.1/junit-3.8.1.jar:/Users/flynn/IdeaProjects/bilibili/bilibili-service/target/bilibili-service-1.0-SNAPSHOT.jar:/Users/flynn/IdeaProjects/bilibili/bilibili-dao/target/bilibili-dao-1.0-SNAPSHOT.jar:/Users/flynn/.m2/repository/org/mybatis/mybatis/3.5.7/mybatis-3.5.7.jar:/Users/flynn/.m2/repository/org/mybatis/spring/boot/mybatis-spring-boot-starter/3.0.3/mybatis-spring-boot-starter-3.0.3.jar:/Users/flynn/.m2/repository/org/mybatis/spring/boot/mybatis-spring-boot-autoconfigure/3.0.3/mybatis-spring-boot-autoconfigure-3.0.3.jar:/Users/flynn/.m2/repository/org/mybatis/mybatis-spring/3.0.3/mybatis-spring-3.0.3.jar:/Users/flynn/.m2/repository/org/springframework/boot/spring-boot-starter-web/3.1.6/spring-boot-starter-web-3.1.6.jar:/Users/flynn/.m2/repository/org/springframework/boot/spring-boot-starter/3.1.6/spring-boot-starter-3.1.6.jar:/Users/flynn/.m2/repository/org/springframework/boot/spring-boot-starter-logging/3.1.6/spring-boot-starter-logging-3.1.6.jar:/Users/flynn/.m2/repository/org/apache/logging/log4j/log4j-to-slf4j/2.20.0/log4j-to-slf4j-2.20.0.jar:/Users/flynn/.m2/repository/org/apache/logging/log4j/log4j-api/2.20.0/log4j-api-2.20.0.jar:/Users/flynn/.m2/repository/org/slf4j/jul-to-slf4j/2.0.9/jul-to-slf4j-2.0.9.jar:/Users/flynn/.m2/repository/jakarta/annotation/jakarta.annotation-api/2.1.1/jakarta.annotation-api-2.1.1.jar:/Users/flynn/.m2/repository/org/yaml/snakeyaml/1.33/snakeyaml-1.33.jar:/Users/flynn/.m2/repository/org/springframework/boot/spring-boot-starter-json/3.1.6/spring-boot-starter-json-3.1.6.jar:/Users/flynn/.m2/repository/com/fasterxml/jackson/datatype/jackson-datatype-jdk8/2.15.3/jackson-datatype-jdk8-2.15.3.jar:/Users/flynn/.m2/repository/com/fasterxml/jackson/datatype/jackson-datatype-jsr310/2.15.3/jackson-datatype-jsr310-2.15.3.jar:/Users/flynn/.m2/repository/com/fasterxml/jackson/module/jackson-module-parameter-names/2.15.3/jackson-module-parameter-names-2.15.3.jar:/Users/flynn/.m2/repository/org/springframework/boot/spring-boot-starter-tomcat/3.1.6/spring-boot-starter-tomcat-3.1.6.jar:/Users/flynn/.m2/repository/org/apache/tomcat/embed/tomcat-embed-core/10.1.16/tomcat-embed-core-10.1.16.jar:/Users/flynn/.m2/repository/org/apache/tomcat/embed/tomcat-embed-el/10.1.16/tomcat-embed-el-10.1.16.jar:/Users/flynn/.m2/repository/org/apache/tomcat/embed/tomcat-embed-websocket/10.1.16/tomcat-embed-websocket-10.1.16.jar:/Users/flynn/.m2/repository/org/springframework/spring-web/6.0.14/spring-web-6.0.14.jar:/Users/flynn/.m2/repository/org/springframework/spring-beans/6.0.14/spring-beans-6.0.14.jar:/Users/flynn/.m2/repository/io/micrometer/micrometer-observation/1.11.6/micrometer-observation-1.11.6.jar:/Users/flynn/.m2/repository/io/micrometer/micrometer-commons/1.11.6/micrometer-commons-1.11.6.jar:/Users/flynn/.m2/repository/org/springframework/spring-webmvc/6.0.14/spring-webmvc-6.0.14.jar:/Users/flynn/.m2/repository/org/springframework/spring-expression/6.0.14/spring-expression-6.0.14.jar:/Users/flynn/.m2/repository/commons-codec/commons-codec/1.14/commons-codec-1.14.jar:/Users/flynn/.m2/repository/org/springframework/boot/spring-boot-starter-jdbc/3.1.6/spring-boot-starter-jdbc-3.1.6.jar:/Users/flynn/.m2/repository/com/zaxxer/HikariCP/5.0.1/HikariCP-5.0.1.jar:/Users/flynn/.m2/repository/org/springframework/spring-jdbc/6.0.14/spring-jdbc-6.0.14.jar:/Users/flynn/.m2/repository/org/springframework/spring-tx/6.0.14/spring-tx-6.0.14.jar:/Users/flynn/.m2/repository/org/springframework/boot/spring-boot-devtools/3.1.6/spring-boot-devtools-3.1.6.jar:/Users/flynn/.m2/repository/org/springframework/boot/spring-boot/3.1.6/spring-boot-3.1.6.jar:/Users/flynn/.m2/repository/org/springframework/boot/spring-boot-autoconfigure/3.1.6/spring-boot-autoconfigure-3.1.6.jar:/Users/flynn/.m2/repository/com/mysql/mysql-connector-j/8.0.31/mysql-connector-j-8.0.31.jar:/Users/flynn/.m2/repository/com/alibaba/fastjson/1.2.78/fastjson-1.2.78.jar:/Users/flynn/.m2/repository/com/auth0/java-jwt/3.18.2/java-jwt-3.18.2.jar:/Users/flynn/.m2/repository/com/fasterxml/jackson/core/jackson-databind/2.15.3/jackson-databind-2.15.3.jar:/Users/flynn/.m2/repository/com/fasterxml/jackson/core/jackson-annotations/2.15.3/jackson-annotations-2.15.3.jar:/Users/flynn/.m2/repository/org/apache/rocketmq/rocketmq-client/4.9.1/rocketmq-client-4.9.1.jar:/Users/flynn/.m2/repository/org/apache/rocketmq/rocketmq-common/4.9.1/rocketmq-common-4.9.1.jar:/Users/flynn/.m2/repository/org/apache/rocketmq/rocketmq-remoting/4.9.1/rocketmq-remoting-4.9.1.jar:/Users/flynn/.m2/repository/io/netty/netty-all/4.1.101.Final/netty-all-4.1.101.Final.jar:/Users/flynn/.m2/repository/io/netty/netty-codec-dns/4.1.101.Final/netty-codec-dns-4.1.101.Final.jar:/Users/flynn/.m2/repository/io/netty/netty-codec-haproxy/4.1.101.Final/netty-codec-haproxy-4.1.101.Final.jar:/Users/flynn/.m2/repository/io/netty/netty-codec-http/4.1.101.Final/netty-codec-http-4.1.101.Final.jar:/Users/flynn/.m2/repository/io/netty/netty-codec-http2/4.1.101.Final/netty-codec-http2-4.1.101.Final.jar:/Users/flynn/.m2/repository/io/netty/netty-codec-memcache/4.1.101.Final/netty-codec-memcache-4.1.101.Final.jar:/Users/flynn/.m2/repository/io/netty/netty-codec-mqtt/4.1.101.Final/netty-codec-mqtt-4.1.101.Final.jar:/Users/flynn/.m2/repository/io/netty/netty-codec-redis/4.1.101.Final/netty-codec-redis-4.1.101.Final.jar:/Users/flynn/.m2/repository/io/netty/netty-codec-smtp/4.1.101.Final/netty-codec-smtp-4.1.101.Final.jar:/Users/flynn/.m2/repository/io/netty/netty-codec-socks/4.1.101.Final/netty-codec-socks-4.1.101.Final.jar:/Users/flynn/.m2/repository/io/netty/netty-codec-stomp/4.1.101.Final/netty-codec-stomp-4.1.101.Final.jar:/Users/flynn/.m2/repository/io/netty/netty-codec-xml/4.1.101.Final/netty-codec-xml-4.1.101.Final.jar:/Users/flynn/.m2/repository/io/netty/netty-handler-proxy/4.1.101.Final/netty-handler-proxy-4.1.101.Final.jar:/Users/flynn/.m2/repository/io/netty/netty-handler-ssl-ocsp/4.1.101.Final/netty-handler-ssl-ocsp-4.1.101.Final.jar:/Users/flynn/.m2/repository/io/netty/netty-resolver-dns/4.1.101.Final/netty-resolver-dns-4.1.101.Final.jar:/Users/flynn/.m2/repository/io/netty/netty-transport-rxtx/4.1.101.Final/netty-transport-rxtx-4.1.101.Final.jar:/Users/flynn/.m2/repository/io/netty/netty-transport-sctp/4.1.101.Final/netty-transport-sctp-4.1.101.Final.jar:/Users/flynn/.m2/repository/io/netty/netty-transport-udt/4.1.101.Final/netty-transport-udt-4.1.101.Final.jar:/Users/flynn/.m2/repository/io/netty/netty-transport-classes-epoll/4.1.101.Final/netty-transport-classes-epoll-4.1.101.Final.jar:/Users/flynn/.m2/repository/io/netty/netty-transport-classes-kqueue/4.1.101.Final/netty-transport-classes-kqueue-4.1.101.Final.jar:/Users/flynn/.m2/repository/io/netty/netty-resolver-dns-classes-macos/4.1.101.Final/netty-resolver-dns-classes-macos-4.1.101.Final.jar:/Users/flynn/.m2/repository/io/netty/netty-transport-native-epoll/4.1.101.Final/netty-transport-native-epoll-4.1.101.Final-linux-x86_64.jar:/Users/flynn/.m2/repository/io/netty/netty-transport-native-epoll/4.1.101.Final/netty-transport-native-epoll-4.1.101.Final-linux-aarch_64.jar:/Users/flynn/.m2/repository/io/netty/netty-transport-native-kqueue/4.1.101.Final/netty-transport-native-kqueue-4.1.101.Final-osx-x86_64.jar:/Users/flynn/.m2/repository/io/netty/netty-transport-native-kqueue/4.1.101.Final/netty-transport-native-kqueue-4.1.101.Final-osx-aarch_64.jar:/Users/flynn/.m2/repository/io/netty/netty-resolver-dns-native-macos/4.1.101.Final/netty-resolver-dns-native-macos-4.1.101.Final-osx-x86_64.jar:/Users/flynn/.m2/repository/io/netty/netty-resolver-dns-native-macos/4.1.101.Final/netty-resolver-dns-native-macos-4.1.101.Final-osx-aarch_64.jar:/Users/flynn/.m2/repository/org/apache/rocketmq/rocketmq-logging/4.9.1/rocketmq-logging-4.9.1.jar:/Users/flynn/.m2/repository/commons-validator/commons-validator/1.7/commons-validator-1.7.jar:/Users/flynn/.m2/repository/commons-digester/commons-digester/2.1/commons-digester-2.1.jar:/Users/flynn/.m2/repository/commons-logging/commons-logging/1.2/commons-logging-1.2.jar:/Users/flynn/.m2/repository/org/apache/commons/commons-lang3/3.12.0/commons-lang3-3.12.0.jar:/Users/flynn/.m2/repository/org/springframework/boot/spring-boot-starter-data-redis/2.2.2.RELEASE/spring-boot-starter-data-redis-2.2.2.RELEASE.jar:/Users/flynn/.m2/repository/org/springframework/data/spring-data-redis/3.1.6/spring-data-redis-3.1.6.jar:/Users/flynn/.m2/repository/org/springframework/data/spring-data-keyvalue/3.1.6/spring-data-keyvalue-3.1.6.jar:/Users/flynn/.m2/repository/org/springframework/spring-oxm/6.0.14/spring-oxm-6.0.14.jar:/Users/flynn/.m2/repository/org/springframework/spring-context-support/6.0.14/spring-context-support-6.0.14.jar:/Users/flynn/.m2/repository/io/lettuce/lettuce-core/6.2.7.RELEASE/lettuce-core-6.2.7.RELEASE.jar:/Users/flynn/.m2/repository/io/netty/netty-common/4.1.101.Final/netty-common-4.1.101.Final.jar:/Users/flynn/.m2/repository/io/netty/netty-handler/4.1.101.Final/netty-handler-4.1.101.Final.jar:/Users/flynn/.m2/repository/io/netty/netty-resolver/4.1.101.Final/netty-resolver-4.1.101.Final.jar:/Users/flynn/.m2/repository/io/netty/netty-buffer/4.1.101.Final/netty-buffer-4.1.101.Final.jar:/Users/flynn/.m2/repository/io/netty/netty-transport-native-unix-common/4.1.101.Final/netty-transport-native-unix-common-4.1.101.Final.jar:/Users/flynn/.m2/repository/io/netty/netty-codec/4.1.101.Final/netty-codec-4.1.101.Final.jar:/Users/flynn/.m2/repository/io/netty/netty-transport/4.1.101.Final/netty-transport-4.1.101.Final.jar:/Users/flynn/.m2/repository/io/projectreactor/reactor-core/3.5.12/reactor-core-3.5.12.jar:/Users/flynn/.m2/repository/org/reactivestreams/reactive-streams/1.0.4/reactive-streams-1.0.4.jar:/Users/flynn/.m2/repository/org/springframework/boot/spring-boot-starter-aop/3.1.6/spring-boot-starter-aop-3.1.6.jar:/Users/flynn/.m2/repository/org/springframework/spring-aop/6.0.14/spring-aop-6.0.14.jar:/Users/flynn/.m2/repository/org/aspectj/aspectjweaver/1.9.20.1/aspectjweaver-1.9.20.1.jar:/Users/flynn/.m2/repository/com/github/tobato/fastdfs-client/1.27.2/fastdfs-client-1.27.2.jar:/Users/flynn/.m2/repository/org/slf4j/slf4j-api/2.0.9/slf4j-api-2.0.9.jar:/Users/flynn/.m2/repository/org/slf4j/jcl-over-slf4j/2.0.9/jcl-over-slf4j-2.0.9.jar:/Users/flynn/.m2/repository/ch/qos/logback/logback-classic/1.4.11/logback-classic-1.4.11.jar:/Users/flynn/.m2/repository/ch/qos/logback/logback-core/1.4.11/logback-core-1.4.11.jar:/Users/flynn/.m2/repository/commons-beanutils/commons-beanutils/1.9.3/commons-beanutils-1.9.3.jar:/Users/flynn/.m2/repository/commons-collections/commons-collections/3.2.2/commons-collections-3.2.2.jar:/Users/flynn/.m2/repository/commons-io/commons-io/2.4/commons-io-2.4.jar:/Users/flynn/.m2/repository/org/apache/commons/commons-pool2/2.11.1/commons-pool2-2.11.1.jar:/Users/flynn/.m2/repository/org/springframework/spring-core/6.0.14/spring-core-6.0.14.jar:/Users/flynn/.m2/repository/org/springframework/spring-jcl/6.0.14/spring-jcl-6.0.14.jar:/Users/flynn/.m2/repository/org/hibernate/validator/hibernate-validator/8.0.1.Final/hibernate-validator-8.0.1.Final.jar:/Users/flynn/.m2/repository/jakarta/validation/jakarta.validation-api/3.0.2/jakarta.validation-api-3.0.2.jar:/Users/flynn/.m2/repository/org/jboss/logging/jboss-logging/3.5.3.Final/jboss-logging-3.5.3.Final.jar:/Users/flynn/.m2/repository/com/fasterxml/classmate/1.5.1/classmate-1.5.1.jar:/Users/flynn/.m2/repository/org/springframework/spring-context/6.0.14/spring-context-6.0.14.jar:/Users/flynn/.m2/repository/net/coobird/thumbnailator/0.4.8/thumbnailator-0.4.8.jar:/Users/flynn/.m2/repository/org/springframework/boot/spring-boot-starter-websocket/3.1.6/spring-boot-starter-websocket-3.1.6.jar:/Users/flynn/.m2/repository/org/springframework/spring-messaging/6.0.14/spring-messaging-6.0.14.jar:/Users/flynn/.m2/repository/org/springframework/spring-websocket/6.0.14/spring-websocket-6.0.14.jar:/Users/flynn/.m2/repository/javax/annotation/javax.annotation-api/1.3.2/javax.annotation-api-1.3.2.jar:/Users/flynn/.m2/repository/org/springframework/boot/spring-boot-starter-data-elasticsearch/3.1.6/spring-boot-starter-data-elasticsearch-3.1.6.jar:/Users/flynn/.m2/repository/org/springframework/data/spring-data-elasticsearch/5.1.6/spring-data-elasticsearch-5.1.6.jar:/Users/flynn/.m2/repository/org/springframework/data/spring-data-commons/3.1.6/spring-data-commons-3.1.6.jar:/Users/flynn/.m2/repository/co/elastic/clients/elasticsearch-java/8.6.2/elasticsearch-java-8.6.2.jar:/Users/flynn/.m2/repository/org/elasticsearch/client/elasticsearch-rest-client/8.7.1/elasticsearch-rest-client-8.7.1.jar:/Users/flynn/.m2/repository/org/apache/httpcomponents/httpclient/4.5.13/httpclient-4.5.13.jar:/Users/flynn/.m2/repository/org/apache/httpcomponents/httpcore/4.4.16/httpcore-4.4.16.jar:/Users/flynn/.m2/repository/org/apache/httpcomponents/httpasyncclient/4.1.5/httpasyncclient-4.1.5.jar:/Users/flynn/.m2/repository/org/apache/httpcomponents/httpcore-nio/4.4.16/httpcore-nio-4.4.16.jar:/Users/flynn/.m2/repository/com/google/code/findbugs/jsr305/3.0.2/jsr305-3.0.2.jar:/Users/flynn/.m2/repository/jakarta/json/jakarta.json-api/2.1.3/jakarta.json-api-2.1.3.jar:/Users/flynn/.m2/repository/org/eclipse/parsson/parsson/1.0.0/parsson-1.0.0.jar:/Users/flynn/.m2/repository/eu/bitwalker/UserAgentUtils/1.21/UserAgentUtils-1.21.jar:/Users/flynn/.m2/repository/org/apache/mahout/mahout-mr/0.12.2/mahout-mr-0.12.2.jar:/Users/flynn/.m2/repository/org/apache/mahout/mahout-math/0.12.2/mahout-math-0.12.2.jar:/Users/flynn/.m2/repository/it/unimi/dsi/fastutil/7.0.12/fastutil-7.0.12.jar:/Users/flynn/.m2/repository/com/tdunning/t-digest/3.1/t-digest-3.1.jar:/Users/flynn/.m2/repository/org/apache/mahout/mahout-hdfs/0.12.2/mahout-hdfs-0.12.2.jar:/Users/flynn/.m2/repository/com/google/guava/guava/11.0.2/guava-11.0.2.jar:/Users/flynn/.m2/repository/org/apache/hadoop/hadoop-client/2.4.1/hadoop-client-2.4.1.jar:/Users/flynn/.m2/repository/org/apache/hadoop/hadoop-common/2.4.1/hadoop-common-2.4.1.jar:/Users/flynn/.m2/repository/commons-httpclient/commons-httpclient/3.1/commons-httpclient-3.1.jar:/Users/flynn/.m2/repository/commons-net/commons-net/3.1/commons-net-3.1.jar:/Users/flynn/.m2/repository/commons-lang/commons-lang/2.6/commons-lang-2.6.jar:/Users/flynn/.m2/repository/org/codehaus/jackson/jackson-core-asl/1.8.8/jackson-core-asl-1.8.8.jar:/Users/flynn/.m2/repository/org/codehaus/jackson/jackson-mapper-asl/1.8.8/jackson-mapper-asl-1.8.8.jar:/Users/flynn/.m2/repository/org/apache/avro/avro/1.7.4/avro-1.7.4.jar:/Users/flynn/.m2/repository/com/thoughtworks/paranamer/paranamer/2.3/paranamer-2.3.jar:/Users/flynn/.m2/repository/org/xerial/snappy/snappy-java/1.0.4.1/snappy-java-1.0.4.1.jar:/Users/flynn/.m2/repository/com/google/protobuf/protobuf-java/2.5.0/protobuf-java-2.5.0.jar:/Users/flynn/.m2/repository/org/apache/hadoop/hadoop-auth/2.4.1/hadoop-auth-2.4.1.jar:/Users/flynn/.m2/repository/org/apache/zookeeper/zookeeper/3.4.5/zookeeper-3.4.5.jar:/Users/flynn/.m2/repository/org/apache/commons/commons-compress/1.4.1/commons-compress-1.4.1.jar:/Users/flynn/.m2/repository/org/tukaani/xz/1.0/xz-1.0.jar:/Users/flynn/.m2/repository/org/apache/hadoop/hadoop-hdfs/2.4.1/hadoop-hdfs-2.4.1.jar:/Users/flynn/.m2/repository/org/apache/hadoop/hadoop-mapreduce-client-app/2.4.1/hadoop-mapreduce-client-app-2.4.1.jar:/Users/flynn/.m2/repository/org/apache/hadoop/hadoop-mapreduce-client-common/2.4.1/hadoop-mapreduce-client-common-2.4.1.jar:/Users/flynn/.m2/repository/org/apache/hadoop/hadoop-yarn-client/2.4.1/hadoop-yarn-client-2.4.1.jar:/Users/flynn/.m2/repository/org/apache/hadoop/hadoop-yarn-server-common/2.4.1/hadoop-yarn-server-common-2.4.1.jar:/Users/flynn/.m2/repository/org/apache/hadoop/hadoop-mapreduce-client-shuffle/2.4.1/hadoop-mapreduce-client-shuffle-2.4.1.jar:/Users/flynn/.m2/repository/org/apache/hadoop/hadoop-yarn-api/2.4.1/hadoop-yarn-api-2.4.1.jar:/Users/flynn/.m2/repository/org/apache/hadoop/hadoop-mapreduce-client-core/2.4.1/hadoop-mapreduce-client-core-2.4.1.jar:/Users/flynn/.m2/repository/org/apache/hadoop/hadoop-yarn-common/2.4.1/hadoop-yarn-common-2.4.1.jar:/Users/flynn/.m2/repository/javax/xml/bind/jaxb-api/2.2.2/jaxb-api-2.2.2.jar:/Users/flynn/.m2/repository/javax/xml/stream/stax-api/1.0-2/stax-api-1.0-2.jar:/Users/flynn/.m2/repository/javax/activation/activation/1.1/activation-1.1.jar:/Users/flynn/.m2/repository/javax/servlet/servlet-api/2.5/servlet-api-2.5.jar:/Users/flynn/.m2/repository/org/apache/hadoop/hadoop-mapreduce-client-jobclient/2.4.1/hadoop-mapreduce-client-jobclient-2.4.1.jar:/Users/flynn/.m2/repository/org/apache/hadoop/hadoop-annotations/2.4.1/hadoop-annotations-2.4.1.jar:/Users/flynn/.m2/repository/com/fasterxml/jackson/core/jackson-core/2.15.3/jackson-core-2.15.3.jar:/Users/flynn/.m2/repository/commons-cli/commons-cli/1.2/commons-cli-1.2.jar:/Users/flynn/.m2/repository/com/thoughtworks/xstream/xstream/1.4.4/xstream-1.4.4.jar:/Users/flynn/.m2/repository/xmlpull/xmlpull/1.1.3.1/xmlpull-1.1.3.1.jar:/Users/flynn/.m2/repository/xpp3/xpp3_min/1.1.4c/xpp3_min-1.1.4c.jar:/Users/flynn/.m2/repository/org/apache/mahout/commons/commons-cli/2.0-mahout/commons-cli-2.0-mahout.jar:/Users/flynn/.m2/repository/org/apache/commons/commons-math3/3.2/commons-math3-3.2.jar:/Users/flynn/.m2/repository/org/apache/solr/solr-commons-csv/3.5.0/solr-commons-csv-3.5.0.jar:/Users/flynn/.m2/repository/org/bytedeco/javacv/1.4.3/javacv-1.4.3.jar:/Users/flynn/.m2/repository/org/bytedeco/javacpp/1.4.3/javacpp-1.4.3.jar:/Users/flynn/.m2/repository/org/bytedeco/javacpp-presets/opencv/3.4.3-1.4.3/opencv-3.4.3-1.4.3.jar:/Users/flynn/.m2/repository/org/bytedeco/javacpp-presets/ffmpeg/4.0.2-1.4.3/ffmpeg-4.0.2-1.4.3.jar:/Users/flynn/.m2/repository/org/bytedeco/javacpp-presets/flycapture/2.11.3.121-1.4.3/flycapture-2.11.3.121-1.4.3.jar:/Users/flynn/.m2/repository/org/bytedeco/javacpp-presets/libdc1394/2.2.5-1.4.3/libdc1394-2.2.5-1.4.3.jar:/Users/flynn/.m2/repository/org/bytedeco/javacpp-presets/libfreenect/0.5.3-1.4.3/libfreenect-0.5.3-1.4.3.jar:/Users/flynn/.m2/repository/org/bytedeco/javacpp-presets/libfreenect2/0.2.0-1.4.3/libfreenect2-0.2.0-1.4.3.jar:/Users/flynn/.m2/repository/org/bytedeco/javacpp-presets/librealsense/1.12.1-1.4.3/librealsense-1.12.1-1.4.3.jar:/Users/flynn/.m2/repository/org/bytedeco/javacpp-presets/videoinput/0.200-1.4.3/videoinput-0.200-1.4.3.jar:/Users/flynn/.m2/repository/org/bytedeco/javacpp-presets/artoolkitplus/2.3.1-1.4.3/artoolkitplus-2.3.1-1.4.3.jar:/Users/flynn/.m2/repository/org/bytedeco/javacpp-presets/flandmark/1.07-1.4.3/flandmark-1.07-1.4.3.jar:/Users/flynn/.m2/repository/org/bytedeco/javacpp-presets/leptonica/1.76.0-1.4.3/leptonica-1.76.0-1.4.3.jar:/Users/flynn/.m2/repository/org/bytedeco/javacpp-presets/tesseract/4.0.0-rc2-1.4.3/tesseract-4.0.0-rc2-1.4.3.jar:/Users/flynn/.m2/repository/org/bytedeco/javacpp-presets/ffmpeg-platform/4.0.2-1.4.3/ffmpeg-platform-4.0.2-1.4.3.jar:/Users/flynn/.m2/repository/org/bytedeco/javacpp-presets/ffmpeg/4.0.2-1.4.3/ffmpeg-4.0.2-1.4.3-android-arm.jar:/Users/flynn/.m2/repository/org/bytedeco/javacpp-presets/ffmpeg/4.0.2-1.4.3/ffmpeg-4.0.2-1.4.3-android-arm64.jar:/Users/flynn/.m2/repository/org/bytedeco/javacpp-presets/ffmpeg/4.0.2-1.4.3/ffmpeg-4.0.2-1.4.3-android-x86.jar:/Users/flynn/.m2/repository/org/bytedeco/javacpp-presets/ffmpeg/4.0.2-1.4.3/ffmpeg-4.0.2-1.4.3-android-x86_64.jar:/Users/flynn/.m2/repository/org/bytedeco/javacpp-presets/ffmpeg/4.0.2-1.4.3/ffmpeg-4.0.2-1.4.3-linux-x86.jar:/Users/flynn/.m2/repository/org/bytedeco/javacpp-presets/ffmpeg/4.0.2-1.4.3/ffmpeg-4.0.2-1.4.3-linux-x86_64.jar:/Users/flynn/.m2/repository/org/bytedeco/javacpp-presets/ffmpeg/4.0.2-1.4.3/ffmpeg-4.0.2-1.4.3-linux-armhf.jar:/Users/flynn/.m2/repository/org/bytedeco/javacpp-presets/ffmpeg/4.0.2-1.4.3/ffmpeg-4.0.2-1.4.3-linux-ppc64le.jar:/Users/flynn/.m2/repository/org/bytedeco/javacpp-presets/ffmpeg/4.0.2-1.4.3/ffmpeg-4.0.2-1.4.3-macosx-x86_64.jar:/Users/flynn/.m2/repository/org/bytedeco/javacpp-presets/ffmpeg/4.0.2-1.4.3/ffmpeg-4.0.2-1.4.3-windows-x86.jar:/Users/flynn/.m2/repository/org/bytedeco/javacpp-presets/ffmpeg/4.0.2-1.4.3/ffmpeg-4.0.2-1.4.3-windows-x86_64.jar:/Users/flynn/.m2/repository/org/springframework/cloud/spring-cloud-starter-netflix-eureka-client/4.0.4/spring-cloud-starter-netflix-eureka-client-4.0.4.jar:/Users/flynn/.m2/repository/org/springframework/cloud/spring-cloud-starter/4.0.5/spring-cloud-starter-4.0.5.jar:/Users/flynn/.m2/repository/org/springframework/cloud/spring-cloud-context/4.0.5/spring-cloud-context-4.0.5.jar:/Users/flynn/.m2/repository/org/springframework/security/spring-security-rsa/1.0.12.RELEASE/spring-security-rsa-1.0.12.RELEASE.jar:/Users/flynn/.m2/repository/org/bouncycastle/bcpkix-jdk18on/1.73/bcpkix-jdk18on-1.73.jar:/Users/flynn/.m2/repository/org/bouncycastle/bcprov-jdk18on/1.73/bcprov-jdk18on-1.73.jar:/Users/flynn/.m2/repository/org/bouncycastle/bcutil-jdk18on/1.73/bcutil-jdk18on-1.73.jar:/Users/flynn/.m2/repository/org/springframework/cloud/spring-cloud-netflix-eureka-client/4.0.4/spring-cloud-netflix-eureka-client-4.0.4.jar:/Users/flynn/.m2/repository/org/apache/httpcomponents/client5/httpclient5/5.2.1/httpclient5-5.2.1.jar:/Users/flynn/.m2/repository/org/apache/httpcomponents/core5/httpcore5/5.2.3/httpcore5-5.2.3.jar:/Users/flynn/.m2/repository/org/apache/httpcomponents/core5/httpcore5-h2/5.2.3/httpcore5-h2-5.2.3.jar:/Users/flynn/.m2/repository/com/netflix/eureka/eureka-client/2.0.1/eureka-client-2.0.1.jar:/Users/flynn/.m2/repository/com/netflix/netflix-commons/netflix-eventbus/0.3.0/netflix-eventbus-0.3.0.jar:/Users/flynn/.m2/repository/com/netflix/netflix-commons/netflix-infix/0.3.0/netflix-infix-0.3.0.jar:/Users/flynn/.m2/repository/commons-jxpath/commons-jxpath/1.3/commons-jxpath-1.3.jar:/Users/flynn/.m2/repository/joda-time/joda-time/2.3/joda-time-2.3.jar:/Users/flynn/.m2/repository/org/antlr/antlr-runtime/3.4/antlr-runtime-3.4.jar:/Users/flynn/.m2/repository/org/antlr/stringtemplate/3.2.1/stringtemplate-3.2.1.jar:/Users/flynn/.m2/repository/antlr/antlr/2.7.7/antlr-2.7.7.jar:/Users/flynn/.m2/repository/com/google/code/gson/gson/2.10.1/gson-2.10.1.jar:/Users/flynn/.m2/repository/org/apache/commons/commons-math/2.2/commons-math-2.2.jar:/Users/flynn/.m2/repository/jakarta/ws/rs/jakarta.ws.rs-api/3.1.0/jakarta.ws.rs-api-3.1.0.jar:/Users/flynn/.m2/repository/jakarta/inject/jakarta.inject-api/2.0.1/jakarta.inject-api-2.0.1.jar:/Users/flynn/.m2/repository/com/netflix/servo/servo-core/0.12.21/servo-core-0.12.21.jar:/Users/flynn/.m2/repository/commons-configuration/commons-configuration/1.10/commons-configuration-1.10.jar:/Users/flynn/.m2/repository/org/codehaus/jettison/jettison/1.4.0/jettison-1.4.0.jar:/Users/flynn/.m2/repository/com/netflix/eureka/eureka-core/2.0.1/eureka-core-2.0.1.jar:/Users/flynn/.m2/repository/com/fasterxml/woodstox/woodstox-core/6.2.1/woodstox-core-6.2.1.jar:/Users/flynn/.m2/repository/org/codehaus/woodstox/stax2-api/4.2.1/stax2-api-4.2.1.jar:/Users/flynn/.m2/repository/org/springframework/cloud/spring-cloud-starter-loadbalancer/4.0.5/spring-cloud-starter-loadbalancer-4.0.5.jar:/Users/flynn/.m2/repository/org/springframework/cloud/spring-cloud-loadbalancer/4.0.5/spring-cloud-loadbalancer-4.0.5.jar:/Users/flynn/.m2/repository/io/projectreactor/addons/reactor-extra/3.5.1/reactor-extra-3.5.1.jar:/Users/flynn/.m2/repository/org/springframework/boot/spring-boot-starter-cache/3.1.6/spring-boot-starter-cache-3.1.6.jar:/Users/flynn/.m2/repository/com/stoyanr/evictor/1.0.0/evictor-1.0.0.jar:/Users/flynn/.m2/repository/org/springframework/cloud/spring-cloud-starter-openfeign/4.0.6/spring-cloud-starter-openfeign-4.0.6.jar:/Users/flynn/.m2/repository/org/springframework/cloud/spring-cloud-openfeign-core/4.0.6/spring-cloud-openfeign-core-4.0.6.jar:/Users/flynn/.m2/repository/io/github/openfeign/form/feign-form-spring/3.8.0/feign-form-spring-3.8.0.jar:/Users/flynn/.m2/repository/io/github/openfeign/form/feign-form/3.8.0/feign-form-3.8.0.jar:/Users/flynn/.m2/repository/commons-fileupload/commons-fileupload/1.5/commons-fileupload-1.5.jar:/Users/flynn/.m2/repository/org/springframework/cloud/spring-cloud-commons/4.0.5/spring-cloud-commons-4.0.5.jar:/Users/flynn/.m2/repository/org/springframework/security/spring-security-crypto/6.1.5/spring-security-crypto-6.1.5.jar:/Users/flynn/.m2/repository/io/github/openfeign/feign-core/12.5/feign-core-12.5.jar:/Users/flynn/.m2/repository/io/github/openfeign/feign-slf4j/12.5/feign-slf4j-12.5.jar:/Users/flynn/.m2/repository/org/springframework/cloud/spring-cloud-starter-circuitbreaker-resilience4j/3.0.4/spring-cloud-starter-circuitbreaker-resilience4j-3.0.4.jar:/Users/flynn/.m2/repository/org/springframework/cloud/spring-cloud-circuitbreaker-resilience4j/3.0.4/spring-cloud-circuitbreaker-resilience4j-3.0.4.jar:/Users/flynn/.m2/repository/io/github/resilience4j/resilience4j-spring-boot3/2.0.2/resilience4j-spring-boot3-2.0.2.jar:/Users/flynn/.m2/repository/io/github/resilience4j/resilience4j-spring6/2.0.2/resilience4j-spring6-2.0.2.jar:/Users/flynn/.m2/repository/io/github/resilience4j/resilience4j-annotations/2.0.2/resilience4j-annotations-2.0.2.jar:/Users/flynn/.m2/repository/io/github/resilience4j/resilience4j-consumer/2.0.2/resilience4j-consumer-2.0.2.jar:/Users/flynn/.m2/repository/io/github/resilience4j/resilience4j-circularbuffer/2.0.2/resilience4j-circularbuffer-2.0.2.jar:/Users/flynn/.m2/repository/io/github/resilience4j/resilience4j-framework-common/2.0.2/resilience4j-framework-common-2.0.2.jar:/Users/flynn/.m2/repository/io/github/resilience4j/resilience4j-micrometer/2.0.2/resilience4j-micrometer-2.0.2.jar:/Users/flynn/.m2/repository/io/micrometer/micrometer-core/1.11.6/micrometer-core-1.11.6.jar:/Users/flynn/.m2/repository/org/hdrhistogram/HdrHistogram/2.1.12/HdrHistogram-2.1.12.jar:/Users/flynn/.m2/repository/org/latencyutils/LatencyUtils/2.0.3/LatencyUtils-2.0.3.jar:/Users/flynn/.m2/repository/io/github/resilience4j/resilience4j-retry/2.0.2/resilience4j-retry-2.0.2.jar:/Users/flynn/.m2/repository/io/github/resilience4j/resilience4j-ratelimiter/2.0.2/resilience4j-ratelimiter-2.0.2.jar:/Users/flynn/.m2/repository/io/github/resilience4j/resilience4j-circuitbreaker/2.0.2/resilience4j-circuitbreaker-2.0.2.jar:/Users/flynn/.m2/repository/io/github/resilience4j/resilience4j-core/2.0.2/resilience4j-core-2.0.2.jar:/Users/flynn/.m2/repository/io/github/resilience4j/resilience4j-timelimiter/2.0.2/resilience4j-timelimiter-2.0.2.jar:"/>
    <property name="sun.cpu.endian" value="little"/>
    <property name="user.home" value="/Users/flynn"/>
    <property name="user.language" value="en"/>
    <property name="java.specification.vendor" value="Oracle Corporation"/>
    <property name="java.version.date" value="2024-04-16"/>
    <property name="java.home" value="/Users/flynn/Library/Java/JavaVirtualMachines/openjdk-22.0.1/Contents/Home"/>
    <property name="file.separator" value="/"/>
    <property name="basedir" value="/Users/flynn/IdeaProjects/bilibili/bilibili-api"/>
    <property name="java.vm.compressedOopsMode" value="Zero based"/>
    <property name="line.separator" value="&#10;"/>
    <property name="java.vm.specification.vendor" value="Oracle Corporation"/>
    <property name="java.specification.name" value="Java Platform API Specification"/>
    <property name="apple.awt.application.name" value="ForkedBooter"/>
    <property name="surefire.real.class.path" value="/Users/flynn/IdeaProjects/bilibili/bilibili-api/target/surefire/surefirebooter-20250311055124174_9.jar"/>
    <property name="sun.management.compiler" value="HotSpot 64-Bit Tiered Compilers"/>
    <property name="ftp.nonProxyHosts" value="local|*.local|169.254/16|*.169.254/16"/>
    <property name="java.runtime.version" value="22.0.1+8-16"/>
    <property name="user.name" value="flynn"/>
    <property name="stdout.encoding" value="UTF-8"/>
    <property name="path.separator" value=":"/>
    <property name="os.version" value="15.3"/>
    <property name="java.runtime.name" value="OpenJDK Runtime Environment"/>
    <property name="file.encoding" value="UTF-8"/>
    <property name="java.vm.name" value="OpenJDK 64-Bit Server VM"/>
    <property name="localRepository" value="/Users/flynn/.m2/repository"/>
    <property name="java.vendor.url.bug" value="https://bugreport.java.com/bugreport/"/>
    <property name="java.io.tmpdir" value="/var/folders/rz/w0zpqxrs1wg__d0xt9p7fbx80000gn/T/"/>
    <property name="idea.version" value="2024.3.2.2"/>
    <property name="java.version" value="22.0.1"/>
    <property name="user.dir" value="/Users/flynn/IdeaProjects/bilibili/bilibili-api"/>
    <property name="os.arch" value="aarch64"/>
    <property name="java.vm.specification.name" value="Java Virtual Machine Specification"/>
    <property name="native.encoding" value="UTF-8"/>
    <property name="java.library.path" value="/Users/flynn/Library/Java/Extensions:/Library/Java/Extensions:/Network/Library/Java/Extensions:/System/Library/Java/Extensions:/usr/lib/java:."/>
    <property name="java.vm.info" value="mixed mode, sharing"/>
    <property name="stderr.encoding" value="UTF-8"/>
    <property name="java.vendor" value="Oracle Corporation"/>
    <property name="java.vm.version" value="22.0.1+8-16"/>
    <property name="sun.io.unicode.encoding" value="UnicodeBig"/>
    <property name="socksNonProxyHosts" value="local|*.local|169.254/16|*.169.254/16"/>
    <property name="java.class.version" value="66.0"/>
  </properties>
  <testcase name="testApp" classname="org.example.BilibiliAppTest" time="0.002"/>
</testsuite>